
PLAY [droplet-hub-emoncms] **************************************************** 

GATHERING FACTS *************************************************************** 
[0;32mok: [droplet-hub-1][0m

TASK: [droplet-raspberrypi | Update apt cache] ******************************** 
[0;32mok: [droplet-hub-1][0m

TASK: [droplet-raspberrypi | Disable serial terminal] ************************* 
[0;33mchanged: [droplet-hub-1][0m

TASK: [droplet-raspberrypi | Disable serial terminal (getty)] ***************** 
[0;32mok: [droplet-hub-1][0m

TASK: [droplet-raspberrypi | shell /sbin/parted -s /dev/mmcblk0 mkpart primary 3277MB 16.0GB creates=/dev/mmcblk0p3] *** 
[0;36mskipping: [droplet-hub-1][0m

TASK: [droplet-raspberrypi | Restart the server after partition update] ******* 
[0;36mskipping: [droplet-hub-1][0m

TASK: [droplet-raspberrypi | Wait for server to come up after partition update] *** 
[0;36mskipping: [droplet-hub-1 -> 127.0.0.1][0m

TASK: [droplet-raspberrypi | Create ext2 filesystem with 1024 bytes blocksize instead of the default 4096 bytes.] *** 
[0;32mok: [droplet-hub-1][0m

TASK: [droplet-raspberrypi | Create /home/pi/data] **************************** 
[0;32mok: [droplet-hub-1][0m

TASK: [droplet-raspberrypi | lineinfile dest='/etc/default/rcS' line='RAMTMP=yes'] *** 
[0;32mok: [droplet-hub-1][0m

TASK: [droplet-raspberrypi | copy src=files/fstab dest=/etc/fstab] ************ 
[0;32mok: [droplet-hub-1][0m

TASK: [droplet-raspberrypi | file src=/proc/self/mounts dest=/etc/mtab state=link] *** 
[0;32mok: [droplet-hub-1][0m

TASK: [droplet-raspberrypi | copy src=files/rpi-rw dest=/usr/bin/rpi-rw mode=0755] *** 
[0;32mok: [droplet-hub-1][0m

TASK: [droplet-raspberrypi | copy src=files/rpi-ro dest=/usr/bin/rpi-ro mode=0755] *** 
[0;32mok: [droplet-hub-1][0m

TASK: [droplet-raspberrypi | Restart the server after mount update] *********** 
[0;36mskipping: [droplet-hub-1][0m

TASK: [droplet-raspberrypi | Wait for server to come up after mount update] *** 
[0;36mskipping: [droplet-hub-1 -> 127.0.0.1][0m

TASK: [droplet-raspberrypi | Change /home/pi/data permissions] **************** 
[0;32mok: [droplet-hub-1][0m

TASK: [droplet-emoncms | Install sudo] **************************************** 
[0;32mok: [droplet-hub-1][0m

TASK: [droplet-emoncms | Update apt cache] ************************************ 
[0;32mok: [droplet-hub-1][0m

TASK: [droplet-emoncms | Update packages] ************************************* 
[0;32mok: [droplet-hub-1][0m

TASK: [droplet-emoncms | Install Apache] ************************************** 
[0;32mok: [droplet-hub-1][0m

TASK: [droplet-emoncms | apt pkg=mysql-server state=latest] ******************* 
[0;32mok: [droplet-hub-1][0m

TASK: [droplet-emoncms | apt pkg=mysql-client state=latest] ******************* 
[0;32mok: [droplet-hub-1][0m

TASK: [droplet-emoncms | apt pkg=php5 state=latest] *************************** 
[0;32mok: [droplet-hub-1][0m

TASK: [droplet-emoncms | apt pkg=libapache2-mod-php5 state=latest] ************ 
[0;32mok: [droplet-hub-1][0m

TASK: [droplet-emoncms | apt pkg=php5-mysql state=latest] ********************* 
[0;32mok: [droplet-hub-1][0m

TASK: [droplet-emoncms | apt pkg=php5-curl state=latest] ********************** 
[0;32mok: [droplet-hub-1][0m

TASK: [droplet-emoncms | apt pkg=php-pear state=latest] *********************** 
[0;32mok: [droplet-hub-1][0m

TASK: [droplet-emoncms | apt pkg=php5-dev state=latest] *********************** 
[0;32mok: [droplet-hub-1][0m

TASK: [droplet-emoncms | apt pkg=php5-mcrypt state=latest] ******************** 
[0;32mok: [droplet-hub-1][0m

TASK: [droplet-emoncms | apt pkg=php5-json state=latest] ********************** 
[0;33mchanged: [droplet-hub-1][0m

TASK: [droplet-emoncms | apt pkg=git-core state=latest] *********************** 
[0;32mok: [droplet-hub-1][0m

TASK: [droplet-emoncms | apt pkg=redis-server state=latest] ******************* 
[0;32mok: [droplet-hub-1][0m

TASK: [droplet-emoncms | apt pkg=build-essential state=latest] **************** 
[0;32mok: [droplet-hub-1][0m

TASK: [droplet-emoncms | apt pkg=ufw state=latest] **************************** 
[0;32mok: [droplet-hub-1][0m

TASK: [droplet-emoncms | apt pkg=ntp state=latest] **************************** 
[0;32mok: [droplet-hub-1][0m

TASK: [droplet-emoncms | apt pkg=python-mysqldb state=latest] ***************** 
[0;32mok: [droplet-hub-1][0m

TASK: [droplet-emoncms | Discover PEAR channels] ****************************** 
[0;33mchanged: [droplet-hub-1][0m

TASK: [droplet-emoncms | Install PEAR packages] ******************************* 
[0;33mchanged: [droplet-hub-1][0m

TASK: [droplet-emoncms | lineinfile dest=/etc/php5/apache2/conf.d/20-redis.ini state=present line=extension=redis.so create=yes] *** 
[0;32mok: [droplet-hub-1][0m

TASK: [droplet-emoncms | lineinfile dest=/etc/php5/cli/conf.d/20-redis.ini state=present line=extension=redis.so create=yes] *** 
[0;32mok: [droplet-hub-1][0m

TASK: [droplet-emoncms | Install default apache configuration] **************** 
[0;32mok: [droplet-hub-1][0m

TASK: [droplet-emoncms | Enable Apache Rewrite Module] ************************ 
[0;32mok: [droplet-hub-1][0m

TASK: [droplet-emoncms | Stop Apache] ***************************************** 
[0;32mok: [droplet-hub-1][0m

TASK: [droplet-emoncms | file name=/var/www state=absent] ********************* 
[0;32mok: [droplet-hub-1][0m

TASK: [droplet-emoncms | git repo=https://github.com/opendroplet/emoncms.git dest=/var/www version=bufferedwrite] *** 
[0;33mchanged: [droplet-hub-1][0m

TASK: [droplet-emoncms | file name=/var/www owner=www-data group=root state=directory] *** 
[0;33mchanged: [droplet-hub-1][0m

TASK: [droplet-emoncms | Restart Apache] ************************************** 
[0;33mchanged: [droplet-hub-1][0m

TASK: [droplet-emoncms | mysql_db name=emoncms state=present] ***************** 
[0;33mchanged: [droplet-hub-1][0m

TASK: [droplet-emoncms | mysql_user name=emoncms password=emoncms priv=emoncms.*:ALL state=present] *** 
[0;33mchanged: [droplet-hub-1][0m

TASK: [droplet-emoncms | file name=/var/lib/phpfiwa owner=www-data group=root state=directory] *** 
[0;33mchanged: [droplet-hub-1][0m

TASK: [droplet-emoncms | file name=/var/lib/phpfina owner=www-data group=root state=directory] *** 
[0;33mchanged: [droplet-hub-1][0m

TASK: [droplet-emoncms | file name=/var/lib/phptimeseries owner=www-data group=root state=directory] *** 
[0;33mchanged: [droplet-hub-1][0m

TASK: [droplet-emoncms | Install emoncms settings file] *********************** 
[0;33mchanged: [droplet-hub-1][0m

PLAY RECAP ******************************************************************** 
[0;33mdroplet-hub-1[0m              : [0;32mok[0m[0;32m=[0m[0;32m49[0m   [0;33mchanged[0m[0;33m=[0m[0;33m13[0m   unreachable=0    failed=0   

